[2022-04-01 10:29:56.433] [exthost] [info] extension host started
[2022-04-01 10:29:57.143] [exthost] [info] extension host started
[2022-04-01 10:29:57.243] [exthost] [info] ExtensionService#_doActivateExtension vscode.configuration-editing {"startup":false,"extensionId":{"value":"vscode.configuration-editing","_lower":"vscode.configuration-editing"},"activationEvent":"onLanguage:jsonc"}
[2022-04-01 10:29:57.246] [exthost] [info] ExtensionService#loadCommonJSModule file:///home/mayman/software/eclipse-jee-2022-03-R-linux-gtk-x86_64/eclipse/plugins/com.genuitec.eclipse.code.engine.app.linux.x86_64_3.6.0.202002212104/engine/resources/app/extensions/configuration-editing/dist/extension
[2022-04-01 10:29:57.290] [exthost] [info] ExtensionService#_doActivateExtension vscode.json-language-features {"startup":false,"extensionId":{"value":"vscode.json-language-features","_lower":"vscode.json-language-features"},"activationEvent":"onLanguage:jsonc"}
[2022-04-01 10:29:57.294] [exthost] [info] ExtensionService#loadCommonJSModule file:///home/mayman/software/eclipse-jee-2022-03-R-linux-gtk-x86_64/eclipse/plugins/com.genuitec.eclipse.code.engine.app.linux.x86_64_3.6.0.202002212104/engine/resources/app/extensions/json-language-features/client/dist/jsonMain
[2022-04-01 10:29:57.488] [exthost] [info] ExtensionService#_doActivateExtension vscode.typescript-language-features {"startup":false,"extensionId":{"value":"vscode.typescript-language-features","_lower":"vscode.typescript-language-features"},"activationEvent":"onLanguage:jsonc"}
[2022-04-01 10:29:57.488] [exthost] [info] ExtensionService#loadCommonJSModule file:///home/mayman/software/eclipse-jee-2022-03-R-linux-gtk-x86_64/eclipse/plugins/com.genuitec.eclipse.code.engine.app.linux.x86_64_3.6.0.202002212104/engine/resources/app/extensions/typescript-language-features/dist/extension
[2022-04-01 10:29:57.643] [exthost] [info] ExtensionService#_doActivateExtension vscode.grunt {"startup":false,"extensionId":{"value":"vscode.grunt","_lower":"vscode.grunt"},"activationEvent":"onCommand:workbench.action.tasks.runTask"}
[2022-04-01 10:29:57.643] [exthost] [info] ExtensionService#loadCommonJSModule file:///home/mayman/software/eclipse-jee-2022-03-R-linux-gtk-x86_64/eclipse/plugins/com.genuitec.eclipse.code.engine.app.linux.x86_64_3.6.0.202002212104/engine/resources/app/extensions/grunt/dist/main
[2022-04-01 10:29:57.660] [exthost] [info] ExtensionService#_doActivateExtension vscode.gulp {"startup":false,"extensionId":{"value":"vscode.gulp","_lower":"vscode.gulp"},"activationEvent":"onCommand:workbench.action.tasks.runTask"}
[2022-04-01 10:29:57.661] [exthost] [info] ExtensionService#loadCommonJSModule file:///home/mayman/software/eclipse-jee-2022-03-R-linux-gtk-x86_64/eclipse/plugins/com.genuitec.eclipse.code.engine.app.linux.x86_64_3.6.0.202002212104/engine/resources/app/extensions/gulp/dist/main
[2022-04-01 10:29:57.676] [exthost] [info] ExtensionService#_doActivateExtension vscode.jake {"startup":false,"extensionId":{"value":"vscode.jake","_lower":"vscode.jake"},"activationEvent":"onCommand:workbench.action.tasks.runTask"}
[2022-04-01 10:29:57.677] [exthost] [info] ExtensionService#loadCommonJSModule file:///home/mayman/software/eclipse-jee-2022-03-R-linux-gtk-x86_64/eclipse/plugins/com.genuitec.eclipse.code.engine.app.linux.x86_64_3.6.0.202002212104/engine/resources/app/extensions/jake/dist/main
[2022-04-01 10:29:57.693] [exthost] [info] ExtensionService#_doActivateExtension vscode.npm {"startup":false,"extensionId":{"value":"vscode.npm","_lower":"vscode.npm"},"activationEvent":"onCommand:workbench.action.tasks.runTask"}
[2022-04-01 10:29:57.694] [exthost] [info] ExtensionService#loadCommonJSModule file:///home/mayman/software/eclipse-jee-2022-03-R-linux-gtk-x86_64/eclipse/plugins/com.genuitec.eclipse.code.engine.app.linux.x86_64_3.6.0.202002212104/engine/resources/app/extensions/npm/dist/main
[2022-04-01 10:29:57.750] [exthost] [info] ExtensionService#_doActivateExtension HookyQR.beautify {"startup":true,"extensionId":{"value":"HookyQR.beautify","_lower":"hookyqr.beautify"},"activationEvent":"*"}
[2022-04-01 10:29:57.750] [exthost] [info] ExtensionService#loadCommonJSModule file:///home/mayman/software/eclipse-jee-2022-03-R-linux-gtk-x86_64/eclipse/plugins/pack.core.linux_3.6.0.202007171954/HookyQR.beautify-1.4.11/extension
[2022-04-01 10:29:57.980] [exthost] [info] ExtensionService#_doActivateExtension christian-kohler.path-intellisense {"startup":true,"extensionId":{"value":"christian-kohler.path-intellisense","_lower":"christian-kohler.path-intellisense"},"activationEvent":"*"}
[2022-04-01 10:29:57.981] [exthost] [info] ExtensionService#loadCommonJSModule file:///home/mayman/software/eclipse-jee-2022-03-R-linux-gtk-x86_64/eclipse/plugins/pack.core.linux_3.6.0.202007171954/christian-kohler.path-intellisense-1.4.2/out/src/extension
[2022-04-01 10:29:58.038] [exthost] [info] ExtensionService#_doActivateExtension dbaeumer.vscode-eslint {"startup":true,"extensionId":{"value":"dbaeumer.vscode-eslint","_lower":"dbaeumer.vscode-eslint"},"activationEvent":"*"}
[2022-04-01 10:29:58.038] [exthost] [info] ExtensionService#loadCommonJSModule file:///home/mayman/software/eclipse-jee-2022-03-R-linux-gtk-x86_64/eclipse/plugins/pack.core.linux_3.6.0.202007171954/dbaeumer.vscode-eslint-1.9.0/client/out/extension
[2022-04-01 10:29:58.105] [exthost] [info] ExtensionService#_doActivateExtension vscode.debug-auto-launch {"startup":true,"extensionId":{"value":"vscode.debug-auto-launch","_lower":"vscode.debug-auto-launch"},"activationEvent":"*"}
[2022-04-01 10:29:58.106] [exthost] [info] ExtensionService#loadCommonJSModule file:///home/mayman/software/eclipse-jee-2022-03-R-linux-gtk-x86_64/eclipse/plugins/com.genuitec.eclipse.code.engine.app.linux.x86_64_3.6.0.202002212104/engine/resources/app/extensions/debug-auto-launch/dist/extension
[2022-04-01 10:29:58.118] [exthost] [info] ExtensionService#_doActivateExtension vscode.emmet {"startup":true,"extensionId":{"value":"vscode.emmet","_lower":"vscode.emmet"},"activationEvent":"*"}
[2022-04-01 10:29:58.119] [exthost] [info] ExtensionService#loadCommonJSModule file:///home/mayman/software/eclipse-jee-2022-03-R-linux-gtk-x86_64/eclipse/plugins/com.genuitec.eclipse.code.engine.app.linux.x86_64_3.6.0.202002212104/engine/resources/app/extensions/emmet/dist/extension
[2022-04-01 10:29:58.230] [exthost] [info] ExtensionService#_doActivateExtension formulahendry.auto-close-tag {"startup":true,"extensionId":{"value":"formulahendry.auto-close-tag","_lower":"formulahendry.auto-close-tag"},"activationEvent":"*"}
[2022-04-01 10:29:58.230] [exthost] [info] ExtensionService#loadCommonJSModule file:///home/mayman/software/eclipse-jee-2022-03-R-linux-gtk-x86_64/eclipse/plugins/pack.core.linux_3.6.0.202007171954/formulahendry.auto-close-tag-0.5.6/out/src/extension
[2022-04-01 10:29:58.289] [exthost] [info] eager extensions activated
